<?xml version="1.0" encoding="UTF-8"?>
<testsuite xmlns:xsi="http://www.w3.org/2001/XMLSchema-instance" xsi:noNamespaceSchemaLocation="https://maven.apache.org/surefire/maven-surefire-plugin/xsd/surefire-test-report.xsd" name="libreria200.StudenteTest" time="0.166" tests="1" errors="0" skipped="0" failures="1">
  <properties>
[...]
</properties>
  <testcase name="creaStudente" classname="libreria200.StudenteTest" time="0.025">
    <failure type="java.lang.AssertionError">java.lang.AssertionError
	at libreria200.StudenteTest.creaStudente(StudenteTest.java:16)
</failure>
  </testcase>
</testsuite>